<?xml version="1.0" encoding="UTF-8"?>
<!-- Generated by org.testng.reporters.JUnitReportReporter -->
<testsuite hostname="LAPTOP-6RN8P8R2" failures="0" tests="1" name="Day_05.ReadDataExcel" time="18.000" errors="0" timestamp="03 Mar 2022 06:02:21 GMT" skipped="0">
  <testcase classname="Day_05.ReadDataExcel" name="loginTest" time="18.000"/>
</testsuite> <!-- Day_05.ReadDataExcel -->
