<?xml version="1.0" encoding="UTF-8"?>
<!-- Generated by org.testng.reporters.JUnitReportReporter -->
<testsuite hostname="LAPTOP-6RN8P8R2" failures="0" tests="4" name="Day_05.DataProvider1" time="56.768" errors="0" timestamp="03 Mar 2022 13:19:53 GMT" skipped="0">
  <testcase classname="Day_05.DataProvider1" name="loginTest" time="25.099"/>
  <testcase classname="Day_05.DataProvider1" name="loginTest" time="8.717"/>
  <testcase classname="Day_05.DataProvider1" name="loginTest" time="14.086"/>
  <testcase classname="Day_05.DataProvider1" name="loginTest" time="8.866"/>
</testsuite> <!-- Day_05.DataProvider1 -->
