<?xml version="1.0" encoding="UTF-8"?>
<!-- Generated by org.testng.reporters.JUnitReportReporter -->
<testsuite hostname="LAPTOP-6RN8P8R2" failures="0" tests="1" name="Day_06.ExtentReportTest" time="3.216" errors="0" timestamp="03 Mar 2022 12:53:37 GMT" skipped="0">
  <testcase classname="Day_06.ExtentReportTest" name="LoginTC" time="3.216"/>
</testsuite> <!-- Day_06.ExtentReportTest -->
