<?xml version="1.0" encoding="UTF-8"?>
<!-- Generated by org.testng.reporters.JUnitReportReporter -->
<testsuite hostname="LAPTOP-6RN8P8R2" failures="0" tests="4" name="Day_05.TestNG2" time="8.368" errors="0" timestamp="04 Mar 2022 12:27:30 GMT" skipped="2">
  <testcase classname="Day_05.TestNG2" name="login" time="3.862"/>
  <testcase classname="Day_05.TestNG2" name="login" time="4.506"/>
  <testcase classname="Day_05.TestNG2" name="flightSearch">
    <skipped/>
  </testcase> <!-- flightSearch -->
  <testcase classname="Day_05.TestNG2" name="flightSearch">
    <skipped/>
  </testcase> <!-- flightSearch -->
</testsuite> <!-- Day_05.TestNG2 -->
