<?xml version="1.0" encoding="UTF-8"?>
<!-- Generated by org.testng.reporters.JUnitReportReporter -->
<testsuite hostname="LAPTOP-6RN8P8R2" failures="0" tests="4" name="Day_05.TestNG1" time="0.028" errors="0" timestamp="04 Mar 2022 12:27:30 GMT" skipped="0">
  <testcase classname="Day_05.TestNG1" name="testcase1" time="0.011"/>
  <testcase classname="Day_05.TestNG1" name="testcase2" time="0.006"/>
  <testcase classname="Day_05.TestNG1" name="testcase2" time="0.006"/>
  <testcase classname="Day_05.TestNG1" name="testcase1" time="0.005"/>
</testsuite> <!-- Day_05.TestNG1 -->
