<?xml version="1.0" encoding="UTF-8"?>
<!-- Generated by org.testng.reporters.JUnitReportReporter -->
<testsuite hostname="LAPTOP-6RN8P8R2" failures="0" tests="2" name="Day_06.ParallelTestExecution" time="0.018" errors="0" timestamp="04 Mar 2022 12:28:44 GMT" skipped="0">
  <testcase classname="Day_06.ParallelTestExecution" name="f" time="0.009"/>
  <testcase classname="Day_06.ParallelTestExecution" name="f" time="0.009"/>
</testsuite> <!-- Day_06.ParallelTestExecution -->
